<?xml version="1.0" encoding="UTF-8"?>
<testng-results skipped="0" failed="0" total="1" passed="1">
  <reporter-output>
  </reporter-output>
  <suite name="Default suite" duration-ms="32" started-at="2016-04-10T11:29:58Z" finished-at="2016-04-10T11:29:58Z">
    <groups>
    </groups>
    <test name="Default test" duration-ms="32" started-at="2016-04-10T11:29:58Z" finished-at="2016-04-10T11:29:58Z">
      <class name="com.Module9_testng_maven.AppTest">
        <test-method status="PASS" signature="Logintest()[pri:0, instance:com.Module9_testng_maven.AppTest@52af6cff]" name="Logintest" duration-ms="14" started-at="2016-04-10T21:29:58Z" finished-at="2016-04-10T21:29:58Z">
          <reporter-output>
          </reporter-output>
        </test-method> <!-- Logintest -->
      </class> <!-- com.Module9_testng_maven.AppTest -->
    </test> <!-- Default test -->
  </suite> <!-- Default suite -->
</testng-results>
